[0209/073020.832:ERROR:scoped_process_suspend.cc(31)] NtSuspendProcess: An attempt was made to access an exiting process. (0xc000010a)
[0209/073021.285:ERROR:process_reader_win.cc(123)] NtOpenThread: {Access Denied} A process has requested access to an object, but has not been granted those access rights. (0xc0000022)
[0209/073021.145:ERROR:process_reader_win.cc(123)] NtOpenThread: {Access Denied} A process has requested access to an object, but has not been granted those access rights. (0xc0000022)
[0209/073021.301:ERROR:process_reader_win.cc(123)] NtOpenThread: {Access Denied} A process has requested access to an object, but has not been granted those access rights. (0xc0000022)
[0209/073021.317:ERROR:process_reader_win.cc(123)] NtOpenThread: {Access Denied} A process has requested access to an object, but has not been granted those access rights. (0xc0000022)
[0209/073021.270:ERROR:process_reader_win.cc(123)] NtOpenThread: {Access Denied} A process has requested access to an object, but has not been granted those access rights. (0xc0000022)
[0209/073021.145:ERROR:process_reader_win.cc(123)] NtOpenThread: {Access Denied} A process has requested access to an object, but has not been granted those access rights. (0xc0000022)
[0209/073021.145:ERROR:process_reader_win.cc(123)] NtOpenThread: {Access Denied} A process has requested access to an object, but has not been granted those access rights. (0xc0000022)
[0209/073022.488:ERROR:exception_snapshot_win.cc(98)] thread ID 13984 not found in process
[0209/073022.488:ERROR:exception_snapshot_win.cc(98)] thread ID 12196 not found in process
[0209/073022.488:ERROR:exception_snapshot_win.cc(98)] thread ID 12456 not found in process
[0209/073022.488:ERROR:exception_snapshot_win.cc(98)] thread ID 13288 not found in process
[0209/073022.488:ERROR:exception_snapshot_win.cc(98)] thread ID 13372 not found in process
[0209/073022.488:ERROR:exception_snapshot_win.cc(98)] thread ID 12716 not found in process
[0209/073022.488:ERROR:process_info.cc(118)] ReadProcessMemory bool __cdecl crashpad::(anonymous namespace)::ReadStruct(HANDLE, crashpad::WinVMAddress, T *) [T = crashpad::process_types::PEB<crashpad::process_types::internal::Traits64>]: Only part of a ReadProcessMemory or WriteProcessMemory request was completed. (0x12B)
[0209/073022.488:ERROR:exception_snapshot_win.cc(98)] thread ID 8880 not found in process
[0209/073022.488:ERROR:process_info.cc(551)] ReadProcessData failed
[0209/073022.582:ERROR:scoped_process_suspend.cc(40)] NtResumeProcess: An attempt was made to access an exiting process. (0xc000010a)
[0209/073022.957:ERROR:process_reader_win.cc(123)] NtOpenThread: {Access Denied} A process has requested access to an object, but has not been granted those access rights. (0xc0000022)
[0209/073022.957:ERROR:exception_snapshot_win.cc(98)] thread ID 11816 not found in process
